0 info it worked if it ends with ok
1 verbose cli [ '/usr/local/bin/node', '/usr/local/bin/npm', 'start' ]
2 info using npm@4.0.2
3 info using node@v4.4.7
4 verbose run-script [ 'prestart', 'start', 'poststart' ]
5 info lifecycle ufrn-messenger-bot@1.0.0~prestart: ufrn-messenger-bot@1.0.0
6 silly lifecycle ufrn-messenger-bot@1.0.0~prestart: no script for prestart, continuing
7 info lifecycle ufrn-messenger-bot@1.0.0~start: ufrn-messenger-bot@1.0.0
8 verbose lifecycle ufrn-messenger-bot@1.0.0~start: unsafe-perm in lifecycle true
9 verbose lifecycle ufrn-messenger-bot@1.0.0~start: PATH: /usr/local/lib/node_modules/npm/bin/node-gyp-bin:/home/fidelisclayton/ufrn-messenger-bot/node_modules/.bin:/home/fidelisclayton/Android/Sdk/tools:/home/fidelisclayton/Android/Sdk/platform-tools:/home/fidelisclayton/.linuxbrew/bin:/home/fidelisclayton/.linuxbrew/bin:/usr/local/heroku/bin:/home/fidelisclayton/.rvm/gems/ruby-2.3.0/bin:/home/fidelisclayton/.rvm/gems/ruby-2.3.0@global/bin:/home/fidelisclayton/.rvm/rubies/ruby-2.3.0/bin:/home/fidelisclayton/.rbenv/plugins/ruby-build/bin:/home/fidelisclayton/.rbenv/shims:/home/fidelisclayton/.rbenv/bin:/usr/local/heroku/bin:/home/fidelisclayton/.rvm/gems/ruby-2.3.0/bin:/home/fidelisclayton/.rvm/gems/ruby-2.3.0@global/bin:/home/fidelisclayton/.rvm/rubies/ruby-2.3.0/bin:/home/fidelisclayton/.rbenv/plugins/ruby-build/bin:/home/fidelisclayton/.rbenv/shims:/home/fidelisclayton/.rbenv/bin:/usr/local/sbin:/usr/local/bin:/usr/sbin:/usr/bin:/sbin:/bin:/usr/games:/usr/local/games:/snap/bin:/home/fidelisclayton/.rvm/bin:/home/fidelisclayton/.rvm/bin:/home/fidelisclayton/Android/Sdk/tools:/home/fidelisclayton/Android/Sdk/platform-tools:/home/fidelisclayton/.rvm/bin:/home/fidelisclayton/.fzf/bin:/snap/bin:/home/fidelisclayton/.rvm/bin:/home/fidelisclayton/Android/Sdk/tools:/home/fidelisclayton/Android/Sdk/platform-tools:/home/fidelisclayton/.rvm/bin:/home/fidelisclayton/.rvm/bin
10 verbose lifecycle ufrn-messenger-bot@1.0.0~start: CWD: /home/fidelisclayton/ufrn-messenger-bot
11 silly lifecycle ufrn-messenger-bot@1.0.0~start: Args: [ '-c', 'babel-node index.js' ]
12 silly lifecycle ufrn-messenger-bot@1.0.0~start: Returned: code: 1  signal: null
13 info lifecycle ufrn-messenger-bot@1.0.0~start: Failed to exec start script
14 verbose stack Error: ufrn-messenger-bot@1.0.0 start: `babel-node index.js`
14 verbose stack Exit status 1
14 verbose stack     at EventEmitter.<anonymous> (/usr/local/lib/node_modules/npm/lib/utils/lifecycle.js:279:16)
14 verbose stack     at emitTwo (events.js:87:13)
14 verbose stack     at EventEmitter.emit (events.js:172:7)
14 verbose stack     at ChildProcess.<anonymous> (/usr/local/lib/node_modules/npm/lib/utils/spawn.js:40:14)
14 verbose stack     at emitTwo (events.js:87:13)
14 verbose stack     at ChildProcess.emit (events.js:172:7)
14 verbose stack     at maybeClose (internal/child_process.js:827:16)
14 verbose stack     at Process.ChildProcess._handle.onexit (internal/child_process.js:211:5)
15 verbose pkgid ufrn-messenger-bot@1.0.0
16 verbose cwd /home/fidelisclayton/ufrn-messenger-bot
17 error Linux 4.4.0-62-generic
18 error argv "/usr/local/bin/node" "/usr/local/bin/npm" "start"
19 error node v4.4.7
20 error npm  v4.0.2
21 error code ELIFECYCLE
22 error ufrn-messenger-bot@1.0.0 start: `babel-node index.js`
22 error Exit status 1
23 error Failed at the ufrn-messenger-bot@1.0.0 start script 'babel-node index.js'.
23 error Make sure you have the latest version of node.js and npm installed.
23 error If you do, this is most likely a problem with the ufrn-messenger-bot package,
23 error not with npm itself.
23 error Tell the author that this fails on your system:
23 error     babel-node index.js
23 error You can get information on how to open an issue for this project with:
23 error     npm bugs ufrn-messenger-bot
23 error Or if that isn't available, you can get their info via:
23 error     npm owner ls ufrn-messenger-bot
23 error There is likely additional logging output above.
24 verbose exit [ 1, true ]
